[INFO ] 2023-12-15 01:21:25.801 [main] LoginFeatureStepDefinition - Testing Login Page Functionality
[INFO ] 2023-12-15 01:21:36.755 [main] LoginFeatureStepDefinition - Testing Login Page Functionality
[INFO ] 2023-12-15 01:21:54.103 [main] LoginFeatureStepDefinition - Testing Login Page Functionality
[INFO ] 2023-12-15 01:26:03.067 [main] LoginFeatureStepDefinition - Testing Login Page Functionality
[INFO ] 2023-12-15 01:26:17.978 [main] LoginFeatureStepDefinition - Testing Login Page Functionality
[INFO ] 2023-12-15 01:26:42.159 [main] LoginFeatureStepDefinition - Testing Login Page Functionality
[INFO ] 2023-12-15 01:28:25.119 [main] LoginFeatureStepDefinition - Testing Login Page Functionality
[INFO ] 2023-12-15 01:28:32.627 [main] LoginFeatureStepDefinition - Testing Login Page Functionality
[INFO ] 2023-12-15 01:28:40.356 [main] LoginFeatureStepDefinition - Testing Login Page Functionality
[INFO ] 2023-12-15 01:30:50.071 [main] LoginFeatureStepDefinition - Testing Login Page Functionality
[INFO ] 2023-12-15 01:31:10.109 [main] LoginFeatureStepDefinition - Testing Login Page Functionality
[INFO ] 2023-12-15 01:31:26.335 [main] LoginFeatureStepDefinition - Testing Login Page Functionality
[INFO ] 2023-12-15 01:32:50.271 [main] LoginFeatureStepDefinition - Testing Login Page Functionality
[INFO ] 2023-12-15 01:33:05.435 [main] LoginFeatureStepDefinition - Testing Login Page Functionality
[INFO ] 2023-12-15 01:33:21.667 [main] LoginFeatureStepDefinition - Testing Login Page Functionality
[INFO ] 2023-12-15 01:36:24.596 [main] LoginFeatureStepDefinition - Testing Login Page Functionality
[INFO ] 2023-12-15 01:36:38.580 [main] LoginFeatureStepDefinition - Testing Login Page Functionality
[INFO ] 2023-12-15 01:36:50.241 [main] LoginFeatureStepDefinition - Testing Login Page Functionality
[INFO ] 2023-12-15 01:38:33.100 [main] LoginFeatureStepDefinition - Testing Login Page Functionality
[INFO ] 2023-12-15 01:38:57.132 [main] LoginFeatureStepDefinition - Testing Login Page Functionality
[INFO ] 2023-12-15 01:39:11.609 [main] LoginFeatureStepDefinition - Testing Login Page Functionality
[INFO ] 2023-12-15 09:46:00.884 [main] LoginFeatureStepDefinition - Testing Login Page Functionality
[INFO ] 2023-12-15 09:46:13.422 [main] LoginFeatureStepDefinition - Testing Login Page Functionality
[INFO ] 2023-12-15 09:46:26.739 [main] LoginFeatureStepDefinition - Testing Login Page Functionality
[INFO ] 2023-12-15 10:25:30.919 [main] LoginFeatureStepDefinition - Testing Login Page Functionality
[INFO ] 2023-12-15 10:26:23.954 [main] LoginFeatureStepDefinition - Testing Login Page Functionality
[INFO ] 2023-12-15 10:26:36.416 [main] LoginFeatureStepDefinition - Testing Login Page Functionality
[INFO ] 2023-12-15 10:26:49.589 [main] LoginFeatureStepDefinition - Testing Login Page Functionality
[INFO ] 2023-12-15 10:31:45.625 [main] LoginFeatureStepDefinition - Testing Login Page Functionality
[INFO ] 2023-12-15 10:32:57.037 [main] LoginFeatureStepDefinition - Testing Login Page Functionality
[INFO ] 2023-12-15 10:33:09.822 [main] LoginFeatureStepDefinition - Testing Login Page Functionality
[INFO ] 2023-12-15 10:33:25.094 [main] LoginFeatureStepDefinition - Testing Login Page Functionality
[INFO ] 2023-12-15 10:38:40.645 [main] LoginFeatureStepDefinition - Testing Login Page Functionality
[INFO ] 2023-12-15 10:38:53.722 [main] LoginFeatureStepDefinition - Testing Login Page Functionality
[INFO ] 2023-12-15 10:39:08.913 [main] LoginFeatureStepDefinition - Testing Login Page Functionality
[INFO ] 2023-12-15 10:42:41.585 [main] LoginFeatureStepDefinition - Testing Login Page Functionality
[INFO ] 2023-12-15 10:42:54.181 [main] LoginFeatureStepDefinition - Testing Login Page Functionality
[INFO ] 2023-12-15 10:43:07.271 [main] LoginFeatureStepDefinition - Testing Login Page Functionality
[INFO ] 2023-12-15 12:22:04.533 [main] AwardWinnersStepDefinition - Testing Award Winners Functionality
[ERROR] 2023-12-15 12:22:06.447 [main] AwardWinnersStepDefinition - Error occured
[INFO ] 2023-12-15 12:24:36.014 [main] AwardWinnersStepDefinition - Testing Award Winners Functionality
[ERROR] 2023-12-15 12:24:37.629 [main] AwardWinnersStepDefinition - Error occured
[INFO ] 2023-12-15 12:26:06.323 [main] BestSellersStepDefinition - Testing Best Seller Functionality
[INFO ] 2023-12-15 12:30:06.822 [main] BestSellersStepDefinition - Testing Best Seller Functionality
[INFO ] 2023-12-15 12:31:19.720 [main] FictionBooksStepDefinition - Testing Fiction Books Functionality
[INFO ] 2023-12-15 12:33:00.598 [main] NewArrivalsStepDefinition - Testing New Arrivals Functionality
[INFO ] 2023-12-15 12:34:28.012 [main] NewArrivalsStepDefinition - Testing New Arrivals Functionality
[INFO ] 2023-12-15 12:36:23.299 [main] BoxSetsStepDefinition - Testing Box Sets Functionality
[INFO ] 2023-12-15 15:05:43.066 [main] LoginFeatureStepDefinition - Testing Login Page Functionality
[INFO ] 2023-12-15 15:05:52.717 [main] LoginFeatureStepDefinition - Testing Login Page Functionality
[INFO ] 2023-12-15 15:06:04.423 [main] LoginFeatureStepDefinition - Testing Login Page Functionality
[INFO ] 2023-12-15 15:09:09.883 [main] SearchBoxStepDefinition - Testing Search Box Functionality
[INFO ] 2023-12-15 15:09:17.938 [main] SearchBoxStepDefinition - Testing Search Box Functionality
[INFO ] 2023-12-15 15:10:12.786 [main] SearchBoxStepDefinition - Testing Search Box Functionality
[INFO ] 2023-12-15 15:10:19.554 [main] SearchBoxStepDefinition - Testing Search Box Functionality
[INFO ] 2023-12-15 15:11:34.530 [main] SearchBoxStepDefinition - Testing Search Box Functionality
[INFO ] 2023-12-15 15:11:41.678 [main] SearchBoxStepDefinition - Testing Search Box Functionality
